<?xml version="1.0" encoding="UTF-8" ?>
<testsuite errors="0" failures="0" hostname="li15-16" name="se.liu.ida.tdp024.account.logic.test.facade.AccountLogicFacadeTest" skipped="0" tests="3" time="5.067" timestamp="2016-10-18T10:02:52">
  <properties>
[...]
</properties>
  <testcase classname="se.liu.ida.tdp024.account.logic.test.facade.AccountLogicFacadeTest" name="testFindAllTransactions" time="4.625" />
  <testcase classname="se.liu.ida.tdp024.account.logic.test.facade.AccountLogicFacadeTest" name="testCreate" time="0.261" />
  <testcase classname="se.liu.ida.tdp024.account.logic.test.facade.AccountLogicFacadeTest" name="testFindAll" time="0.0" />
  <system-out><![CDATA[testFindAllTransactions
[EL Info]: 2016-10-18 12:02:54.241--ServerSession(1665677484)--EclipseLink, version: Eclipse Persistence Services - 2.3.0.v20110604-r9504
[EL Info]: 2016-10-18 12:02:55.652--ServerSession(1665677484)--file:/home/emini901/tdp024/account/account-data-impl-db/build/classes/_account-dataPU login successful
[EL Warning]: 2016-10-18 12:02:55.911--ServerSession(1665677484)--Exception [EclipseLink-4002] (Eclipse Persistence Services - 2.3.0.v20110604-r9504): org.eclipse.persistence.exceptions.DatabaseException
Internal Exception: java.sql.SQLSyntaxErrorException: 'ALTER TABLE' cannot be performed on 'TRANSACTIONDB' because it does not exist.
Error Code: 30000
Call: ALTER TABLE TRANSACTIONDB DROP CONSTRAINT TRNSACTIONDBCCNTID
Query: DataModifyQuery(sql="ALTER TABLE TRANSACTIONDB DROP CONSTRAINT TRNSACTIONDBCCNTID")
[EL Warning]: 2016-10-18 12:02:55.916--ServerSession(1665677484)--Exception [EclipseLink-4002] (Eclipse Persistence Services - 2.3.0.v20110604-r9504): org.eclipse.persistence.exceptions.DatabaseException
Internal Exception: java.sql.SQLSyntaxErrorException: 'DROP TABLE' cannot be performed on 'ACCOUNTDB' because it does not exist.
Error Code: 30000
Call: DROP TABLE ACCOUNTDB
Query: DataModifyQuery(sql="DROP TABLE ACCOUNTDB")
[EL Warning]: 2016-10-18 12:02:55.996--ServerSession(1665677484)--Exception [EclipseLink-4002] (Eclipse Persistence Services - 2.3.0.v20110604-r9504): org.eclipse.persistence.exceptions.DatabaseException
Internal Exception: java.sql.SQLSyntaxErrorException: 'DROP TABLE' cannot be performed on 'TRANSACTIONDB' because it does not exist.
Error Code: 30000
Call: DROP TABLE TRANSACTIONDB
Query: DataModifyQuery(sql="DROP TABLE TRANSACTIONDB")
[{"id":1,"personKey":"\"9asd8awdj2\"","bankKey":"\"ad0SD16727ak\"","accountType":"CHECK","holdings":38}]
JSONJSONJSONJSONJSONJSONJSON
[{"id":2,"type":"CREDIT","amount":100,"created":"2016-10-18 12:02:56","status":"OK","account":{"id":1,"personKey":"\"9asd8awdj2\"","bankKey":"\"ad0SD16727ak\"","accountType":"CHECK","holdings":38}},{"id":3,"type":"DEBIT","amount":33,"created":"2016-10-18 12:02:56","status":"OK","account":{"id":1,"personKey":"\"9asd8awdj2\"","bankKey":"\"ad0SD16727ak\"","accountType":"CHECK","holdings":38}},{"id":4,"type":"DEBIT","amount":31,"created":"2016-10-18 12:02:56","status":"OK","account":{"id":1,"personKey":"\"9asd8awdj2\"","bankKey":"\"ad0SD16727ak\"","accountType":"CHECK","holdings":38}},{"id":5,"type":"CREDIT","amount":2,"created":"2016-10-18 12:02:56","status":"OK","account":{"id":1,"personKey":"\"9asd8awdj2\"","bankKey":"\"ad0SD16727ak\"","accountType":"CHECK","holdings":38}}]
[EL Info]: 2016-10-18 12:02:56.936--ServerSession(1665677484)--file:/home/emini901/tdp024/account/account-data-impl-db/build/classes/_account-dataPU logout successful
[EL Info]: 2016-10-18 12:02:57.02--ServerSession(976420821)--EclipseLink, version: Eclipse Persistence Services - 2.3.0.v20110604-r9504
[EL Info]: 2016-10-18 12:02:57.027--ServerSession(976420821)--file:/home/emini901/tdp024/account/account-data-impl-db/build/classes/_account-dataPU login successful
[EL Warning]: 2016-10-18 12:02:57.186--ServerSession(976420821)--Exception [EclipseLink-4002] (Eclipse Persistence Services - 2.3.0.v20110604-r9504): org.eclipse.persistence.exceptions.DatabaseException
Internal Exception: java.sql.SQLException: Table/View 'SEQUENCE' already exists in Schema 'APP'.
Error Code: 30000
Call: CREATE TABLE SEQUENCE (SEQ_NAME VARCHAR(50) NOT NULL, SEQ_COUNT DECIMAL(15), PRIMARY KEY (SEQ_NAME))
Query: DataModifyQuery(sql="CREATE TABLE SEQUENCE (SEQ_NAME VARCHAR(50) NOT NULL, SEQ_COUNT DECIMAL(15), PRIMARY KEY (SEQ_NAME))")
[EL Info]: 2016-10-18 12:02:57.206--ServerSession(976420821)--file:/home/emini901/tdp024/account/account-data-impl-db/build/classes/_account-dataPU logout successful
]]></system-out>
  <system-err><![CDATA[Constructor for AccountLogicFacadeImpl called.
Constructor for TransactionLogicFacadeImpl called.
AccountLogicFacadeImpl.create called.
AccountLogicFacadeImpl.getPersonKey called.
AccountLogicFacadeImpl.getBankKey called.
AccountEntityFacadeBD.create called.
TransactionLogicFacadeImpl.addTransaction called.
AccountEntityFacadeBD.find called.
TransactionEntityFacadeBD.create called.
AccountEntityFacadeBD.addTransaction called.
AccountEntityFacadeBD.deposit called.
TransactionLogicFacadeImpl.addTransaction called.
AccountEntityFacadeBD.find called.
TransactionEntityFacadeBD.create called.
AccountEntityFacadeBD.addTransaction called.
AccountEntityFacadeBD.withdraw called.
TransactionLogicFacadeImpl.addTransaction called.
AccountEntityFacadeBD.find called.
TransactionEntityFacadeBD.create called.
AccountEntityFacadeBD.addTransaction called.
AccountEntityFacadeBD.withdraw called.
TransactionLogicFacadeImpl.addTransaction called.
AccountEntityFacadeBD.find called.
TransactionEntityFacadeBD.create called.
AccountEntityFacadeBD.addTransaction called.
AccountEntityFacadeBD.deposit called.
AccountLogicFacadeImpl.findAllTransactions called.
AccountEntityFacadeBD.findAllTransactions called.
AccountLogicFacadeImpl.findAllAccounts called.
AccountLogicFacadeImpl.getPersonKey called.
AccountEntityFacadeBD.findAll called.
Constructor for AccountLogicFacadeImpl called.
Constructor for TransactionLogicFacadeImpl called.
AccountLogicFacadeImpl.create called.
AccountLogicFacadeImpl.getPersonKey called.
AccountLogicFacadeImpl.getBankKey called.
AccountEntityFacadeBD.create called.
Constructor for AccountLogicFacadeImpl called.
Constructor for TransactionLogicFacadeImpl called.
]]></system-err>
</testsuite>
