<?xml version="1.0" encoding="UTF-8" ?>
<testsuite errors="0" failures="1" hostname="li15-16" name="se.liu.ida.tdp024.account.logic.test.facade.TransactionLogicFacadeTest" skipped="0" tests="1" time="4.616" timestamp="2016-10-18T10:02:58">
  <properties>
[...]
</properties>
  <testcase classname="se.liu.ida.tdp024.account.logic.test.facade.TransactionLogicFacadeTest" name="testAddTransaction" time="4.446">
    <failure type="junit.framework.AssertionFailedError">junit.framework.AssertionFailedError
	at se.liu.ida.tdp024.account.logic.test.facade.TransactionLogicFacadeTest.testAddTransaction(TransactionLogicFacadeTest.java:41)
</failure>
  </testcase>
  <system-out><![CDATA[[EL Info]: 2016-10-18 12:03:00.472--ServerSession(444651296)--EclipseLink, version: Eclipse Persistence Services - 2.3.0.v20110604-r9504
[EL Info]: 2016-10-18 12:03:01.868--ServerSession(444651296)--file:/home/emini901/tdp024/account/account-data-impl-db/build/classes/_account-dataPU login successful
[EL Warning]: 2016-10-18 12:03:02.124--ServerSession(444651296)--Exception [EclipseLink-4002] (Eclipse Persistence Services - 2.3.0.v20110604-r9504): org.eclipse.persistence.exceptions.DatabaseException
Internal Exception: java.sql.SQLSyntaxErrorException: 'ALTER TABLE' cannot be performed on 'TRANSACTIONDB' because it does not exist.
Error Code: 30000
Call: ALTER TABLE TRANSACTIONDB DROP CONSTRAINT TRNSACTIONDBCCNTID
Query: DataModifyQuery(sql="ALTER TABLE TRANSACTIONDB DROP CONSTRAINT TRNSACTIONDBCCNTID")
[EL Warning]: 2016-10-18 12:03:02.129--ServerSession(444651296)--Exception [EclipseLink-4002] (Eclipse Persistence Services - 2.3.0.v20110604-r9504): org.eclipse.persistence.exceptions.DatabaseException
Internal Exception: java.sql.SQLSyntaxErrorException: 'DROP TABLE' cannot be performed on 'ACCOUNTDB' because it does not exist.
Error Code: 30000
Call: DROP TABLE ACCOUNTDB
Query: DataModifyQuery(sql="DROP TABLE ACCOUNTDB")
[EL Warning]: 2016-10-18 12:03:02.208--ServerSession(444651296)--Exception [EclipseLink-4002] (Eclipse Persistence Services - 2.3.0.v20110604-r9504): org.eclipse.persistence.exceptions.DatabaseException
Internal Exception: java.sql.SQLSyntaxErrorException: 'DROP TABLE' cannot be performed on 'TRANSACTIONDB' because it does not exist.
Error Code: 30000
Call: DROP TABLE TRANSACTIONDB
Query: DataModifyQuery(sql="DROP TABLE TRANSACTIONDB")
************* --------->    FAILED
[EL Info]: 2016-10-18 12:03:02.602--ServerSession(444651296)--file:/home/emini901/tdp024/account/account-data-impl-db/build/classes/_account-dataPU logout successful
]]></system-out>
  <system-err><![CDATA[Constructor for AccountLogicFacadeImpl called.
Constructor for TransactionLogicFacadeImpl called.
AccountLogicFacadeImpl.create called.
AccountLogicFacadeImpl.getPersonKey called.
AccountLogicFacadeImpl.getBankKey called.
TransactionLogicFacadeImpl.addTransaction called.
AccountEntityFacadeBD.find called.
TransactionLogicFacadeImpl.addTransaction called.
AccountEntityFacadeBD.find called.
]]></system-err>
</testsuite>
